0 info it worked if it ends with ok
1 verbose cli [ '/usr/local/Cellar/node/6.7.0/bin/node',
1 verbose cli   '/usr/local/bin/npm',
1 verbose cli   'run-script',
1 verbose cli   'webpack' ]
2 info using npm@3.10.7
3 info using node@v6.7.0
4 verbose run-script [ 'prewebpack', 'webpack', 'postwebpack' ]
5 info lifecycle react-essentials@1.0.0~prewebpack: react-essentials@1.0.0
6 silly lifecycle react-essentials@1.0.0~prewebpack: no script for prewebpack, continuing
7 info lifecycle react-essentials@1.0.0~webpack: react-essentials@1.0.0
8 verbose lifecycle react-essentials@1.0.0~webpack: unsafe-perm in lifecycle true
9 verbose lifecycle react-essentials@1.0.0~webpack: PATH: /usr/local/lib/node_modules/npm/bin/node-gyp-bin:/Users/thibbard/Documents/tests/react-essentials/node_modules/.bin:/usr/local/Cellar/node/6.7.0/bin:/usr/local/bin:/usr/bin:/bin:/usr/sbin:/sbin:/usr/local/bin:/usr/local/sbin:/Applications/Postgres.app/Contents/Versions/9.5/bin:/Users/thibbard/bin:/Library/Java/JavaVirtualMachines/jdk1.8.0_91.jdk/Contents/Home/bin:/opt/apache-tomcat-6.0.28/bin
10 verbose lifecycle react-essentials@1.0.0~webpack: CWD: /Users/thibbard/Documents/tests/react-essentials
11 silly lifecycle react-essentials@1.0.0~webpack: Args: [ '-c', 'webpack --watch --progress  --display-error-details' ]
12 silly lifecycle react-essentials@1.0.0~webpack: Returned: code: 1  signal: null
13 info lifecycle react-essentials@1.0.0~webpack: Failed to exec webpack script
14 verbose stack Error: react-essentials@1.0.0 webpack: `webpack --watch --progress  --display-error-details`
14 verbose stack Exit status 1
14 verbose stack     at EventEmitter.<anonymous> (/usr/local/lib/node_modules/npm/lib/utils/lifecycle.js:255:16)
14 verbose stack     at emitTwo (events.js:106:13)
14 verbose stack     at EventEmitter.emit (events.js:191:7)
14 verbose stack     at ChildProcess.<anonymous> (/usr/local/lib/node_modules/npm/lib/utils/spawn.js:40:14)
14 verbose stack     at emitTwo (events.js:106:13)
14 verbose stack     at ChildProcess.emit (events.js:191:7)
14 verbose stack     at maybeClose (internal/child_process.js:877:16)
14 verbose stack     at Process.ChildProcess._handle.onexit (internal/child_process.js:226:5)
15 verbose pkgid react-essentials@1.0.0
16 verbose cwd /Users/thibbard/Documents/tests/react-essentials
17 error Darwin 15.4.0
18 error argv "/usr/local/Cellar/node/6.7.0/bin/node" "/usr/local/bin/npm" "run-script" "webpack"
19 error node v6.7.0
20 error npm  v3.10.7
21 error code ELIFECYCLE
22 error react-essentials@1.0.0 webpack: `webpack --watch --progress  --display-error-details`
22 error Exit status 1
23 error Failed at the react-essentials@1.0.0 webpack script 'webpack --watch --progress  --display-error-details'.
23 error Make sure you have the latest version of node.js and npm installed.
23 error If you do, this is most likely a problem with the react-essentials package,
23 error not with npm itself.
23 error Tell the author that this fails on your system:
23 error     webpack --watch --progress  --display-error-details
23 error You can get information on how to open an issue for this project with:
23 error     npm bugs react-essentials
23 error Or if that isn't available, you can get their info via:
23 error     npm owner ls react-essentials
23 error There is likely additional logging output above.
24 verbose exit [ 1, true ]
