Arguments: 
  /usr/local/Cellar/node/6.7.0/bin/node /usr/local/bin/yarn add normalize

PATH: 
  /usr/local/bin:/usr/bin:/bin:/usr/sbin:/sbin:/usr/local/bin:/usr/local/sbin:/Applications/Postgres.app/Contents/Versions/9.5/bin:/Users/thibbard/bin:/Library/Java/JavaVirtualMachines/jdk1.8.0_91.jdk/Contents/Home/bin:/opt/apache-tomcat-6.0.28/bin

Yarn version: 
  0.16.1

Node version: 
  6.7.0

Platform: 
  darwin x64

npm manifest: 
  {
    "name": "react-essentials",
    "version": "1.0.0",
    "description": "test react essentials twitter api exploration",
    "main": "index.js",
    "scripts": {
      "test": "echo \"Error: no test specified\" && exit 1",
      "webpack": "webpack --watch --progress  --display-error-details"
    },
    "author": "Thomas Hibbard",
    "license": "ISC",
    "start": "node server.js",
    "dependencies": {
      "babel-polyfill": "^6.16.0",
      "bluebird": "^3.4.6",
      "express": "^4.14.0",
      "fs-extra": "^0.30.0",
      "jquery": "^3.1.1",
      "pug": "^2.0.0-beta6",
      "react": "^15.3.2",
      "react-dom": "^15.3.2",
      "request": "^2.75.0",
      "serve-index": "^1.8.0",
      "webpack": "^1.13.2"
    },
    "devDependencies": {
      "autoprefixer": "^6.5.1",
      "babel-core": "^6.17.0",
      "babel-loader": "^6.2.5",
      "babel-preset-es2015": "^6.16.0",
      "babel-preset-react": "^6.16.0",
      "babelify": "^7.3.0",
      "browser-sync": "^2.17.5",
      "browser-sync-webpack-plugin": "^1.1.3",
      "browserfy": "^1.0.0",
      "browserify": "^13.1.0",
      "css-loader": "^0.25.0",
      "gulp": "^3.9.1",
      "i": "^0.3.5",
      "node-sass": "^3.10.1",
      "postcss-loader": "^1.0.0",
      "sass-loader": "^4.0.2",
      "style-loader": "^0.13.1",
      "susy": "^2.2.12",
      "vinyl-source-stream": "^1.1.0",
      "webpack": "^1.13.2"
    },
    "engines": {
      "node": "6.7.0"
    }
  }

yarn manifest: 
  No manifest

bower manifest: 
  No manifest

Lockfile: 
  No lockfile

Trace: 
  TypeError: Cannot use 'in' operator to search for '^6.17.0' in undefined
      at /usr/local/lib/node_modules/yarn/lib/resolvers/registries/npm-resolver.js:62:24
      at next (native)
      at step (/usr/local/lib/node_modules/yarn/node_modules/babel-runtime/helpers/asyncToGenerator.js:17:30)
      at /usr/local/lib/node_modules/yarn/node_modules/babel-runtime/helpers/asyncToGenerator.js:35:14
      at Promise.F (/usr/local/lib/node_modules/yarn/node_modules/core-js/library/modules/_export.js:35:28)
      at /usr/local/lib/node_modules/yarn/node_modules/babel-runtime/helpers/asyncToGenerator.js:14:12
      at Function.findVersionInRegistryResponse (/usr/local/lib/node_modules/yarn/lib/resolvers/registries/npm-resolver.js:72:7)
      at /usr/local/lib/node_modules/yarn/lib/resolvers/registries/npm-resolver.js:89:34
      at next (native)
      at step (/usr/local/lib/node_modules/yarn/node_modules/babel-runtime/helpers/asyncToGenerator.js:17:30)
